nohup: ignoring input
/SSD_DISK/users/yangyuankun/neuralnetwork/analysis.py:34: RuntimeWarning: More than 20 figures have been opened. Figures created through the pyplot interface (`matplotlib.pyplot.figure`) are retained until explicitly closed and may consume too much memory. (To control this warning, see the rcParam `figure.max_open_warning`).
  plt.figure(dpi=196)
experiment name: baseline
wd 0
accuracy 77.734375
overfitting_acc 30.400685672783368 0.01130113053820457
overfitting_loss 1.5891525549930519 0.2052108246189167
ILV {'train_loss': 0.01591080317084072, 'val_loss': 0.04501776119114987, 'train_accuracy': 0.0007051874673855415, 'val_accuracy': 0.0020254685399658926} EFR {'train_lloss': 0.002754497974146588, 'val_loss': 0.1290227293093118, 'train_accuracy': 1.0974829458021064e-07, 'val_accuracy': 9.380796668841296e-07}
wd 0.0001
accuracy 75.78125
overfitting_acc 30.46437105362449 0.024177279838908893
overfitting_loss 1.4114743086043746 0.05747162933461632
ILV {'train_loss': 0.016077329328008424, 'val_loss': 0.04528955366637382, 'train_accuracy': 0.0007437140252134887, 'val_accuracy': 0.0021455219666540403} EFR {'train_lloss': 0.002650780179321893, 'val_loss': 0.12938313530590134, 'train_accuracy': 1.113938843709935e-07, 'val_accuracy': 9.04778182870709e-07}
wd 0.001
accuracy 77.34375
overfitting_acc 28.02543042624248 0.014860349975650031
overfitting_loss 1.0614515142515302 0.025548091566399575
ILV {'train_loss': 0.014906423526105607, 'val_loss': 0.04134455777995086, 'train_accuracy': 0.0006605089293957611, 'val_accuracy': 0.0019926641725322913} EFR {'train_lloss': 0.0032421791137316365, 'val_loss': 0.13069336797044348, 'train_accuracy': 1.1928076341836086e-07, 'val_accuracy': 8.11553299178314e-07}
experiment name: baseline_cutout
alpha 0.1
accuracy 76.171875
overfitting_acc 29.455109215032138 0.01628138470281752
overfitting_loss 1.1304302988573909 0.06668849156086012
ILV {'train_loss': 0.012953340228616085, 'val_loss': 0.041099538832093364, 'train_accuracy': 0.00064758531578524, 'val_accuracy': 0.0020824512831832793} EFR {'train_lloss': 0.011260809001956966, 'val_loss': 0.12066150808305376, 'train_accuracy': 1.4801081391660805e-07, 'val_accuracy': 8.689086583491928e-07}
alpha 1
accuracy 76.5625
overfitting_acc 29.23569583546592 0.028722839057322126
overfitting_loss 1.1839041849598289 0.10368718028116895
ILV {'train_loss': 0.01359552022505788, 'val_loss': 0.04303229494760874, 'train_accuracy': 0.0007150195801503609, 'val_accuracy': 0.0023572580639556135} EFR {'train_lloss': 0.011934037877123594, 'val_loss': 0.1276001376563994, 'train_accuracy': 1.4916283759786679e-07, 'val_accuracy': 8.366937361786765e-07}
alpha 10
accuracy 76.5625
overfitting_acc 29.519227300674657 0.031246151024178912
overfitting_loss 1.2712636714801193 0.13152458470150954
ILV {'train_loss': 0.013206640844854917, 'val_loss': 0.04165275094084295, 'train_accuracy': 0.0006559292208028569, 'val_accuracy': 0.002062020181396789} EFR {'train_lloss': 0.010932046564246609, 'val_loss': 0.1239960163675856, 'train_accuracy': 1.5172985254731636e-07, 'val_accuracy': 8.707483793831931e-07}
experiment name: baseline_cutmix
alpha 0.1
accuracy 77.734375
overfitting_acc 27.092689182601163 0.03153021316724273
overfitting_loss 0.8786546163260938 0.05519497618020735
ILV {'train_loss': 0.014320220415975183, 'val_loss': 0.04407717511053654, 'train_accuracy': 0.000640969969413041, 'val_accuracy': 0.0021083828004743693} EFR {'train_lloss': 0.00971331031841867, 'val_loss': 0.1240030940348287, 'train_accuracy': 1.1709825867011796e-07, 'val_accuracy': 6.637397492210988e-07}
alpha 1
accuracy 77.34375
overfitting_acc 25.83969597442011 0.009351839861709938
overfitting_loss 0.8301460161805153 0.08067349240518099
ILV {'train_loss': 0.013461423535826796, 'val_loss': 0.042728152228275626, 'train_accuracy': 0.0006287447316310887, 'val_accuracy': 0.002108560778884008} EFR {'train_lloss': 0.015854840094513434, 'val_loss': 0.11934873931304664, 'train_accuracy': 1.2344406700034502e-07, 'val_accuracy': 6.390324173347448e-07}
alpha 10
accuracy 77.34375
overfitting_acc 24.264026568381283 0.1655125059091309
overfitting_loss 0.7266359955072402 0.028890484586190597
ILV {'train_loss': 0.012523277355512818, 'val_loss': 0.041298272177622115, 'train_accuracy': 0.0005777706359041632, 'val_accuracy': 0.0020025201149072368} EFR {'train_lloss': 0.022961465178074673, 'val_loss': 0.133709019012342, 'train_accuracy': 1.2669348753708043e-07, 'val_accuracy': 6.247869762115333e-07}
experiment name: baseline_mixup
alpha 0.1
accuracy 74.21875
overfitting_acc 30.140453407814817 0.052531527182467175
overfitting_loss 1.2386133678257465 0.5549286297808348
ILV {'train_loss': 0.015395068530676587, 'val_loss': 0.04267555513034225, 'train_accuracy': 0.0006850535821308649, 'val_accuracy': 0.002059989731365681} EFR {'train_lloss': 0.003742922916794018, 'val_loss': 0.11575454620583886, 'train_accuracy': 1.0344505391426838e-07, 'val_accuracy': 7.296000598138467e-07}
alpha 1
accuracy 76.5625
overfitting_acc 28.270334059774314 0.021980587480245586
overfitting_loss 0.9267477989196776 0.06719111800280127
ILV {'train_loss': 0.014009469698434251, 'val_loss': 0.04124633923953676, 'train_accuracy': 0.000595921018852819, 'val_accuracy': 0.001956781353790312} EFR {'train_lloss': 0.014736129147208787, 'val_loss': 0.13850421686945608, 'train_accuracy': 1.1622804488360655e-07, 'val_accuracy': 6.230748998258677e-07}
alpha 10
accuracy 72.265625
overfitting_acc 18.11221613545092 0.0049463672378859515
overfitting_loss 0.5949658513069153 0.035976952998753135
ILV {'train_loss': 0.011387980783637636, 'val_loss': 0.03857358251841503, 'train_accuracy': 0.000530849474088825, 'val_accuracy': 0.0018428657369337703} EFR {'train_lloss': 0.033774218794101946, 'val_loss': 0.1293017512356743, 'train_accuracy': 1.308627775520683e-07, 'val_accuracy': 5.999515448115826e-07}
